#
# There is insufficient memory for the Java Runtime Environment to continue.
# Native memory allocation (mmap) failed to map 268435456 bytes for G1 virtual space
# Possible reasons:
#   The system is out of physical RAM or swap space
#   The process is running with CompressedOops enabled, and the Java Heap may be blocking the growth of the native heap
# Possible solutions:
#   Reduce memory load on the system
#   Increase physical memory or swap space
#   Check if swap backing store is full
#   Decrease Java heap size (-Xmx/-Xms)
#   Decrease number of Java threads
#   Decrease Java thread stack sizes (-Xss)
#   Set larger code cache with -XX:ReservedCodeCacheSize=
#   JVM is running with Zero Based Compressed Oops mode in which the Java heap is
#     placed in the first 32GB address space. The Java Heap base address is the
#     maximum limit for the native heap growth. Please use -XX:HeapBaseMinAddress
#     to set the Java Heap base and to place the Java Heap above 32GB virtual address.
# This output file may be truncated or incomplete.
#
#  Out of Memory Error (os_windows.cpp:3532), pid=18876, tid=18104
#
# JRE version:  (17.0.2+8) (build )
# Java VM: Java HotSpot(TM) 64-Bit Server VM (17.0.2+8-LTS-86, mixed mode, sharing, tiered, compressed oops, compressed class ptrs, g1 gc, windows-amd64)
# No core dump will be written. Minidumps are not enabled by default on client versions of Windows
#

---------------  S U M M A R Y ------------

Command Line: org.jetbrains.kotlin.cli.jvm.K2JVMCompiler @E:\Education\MyNotes\Faradars\ReactNative\ReactNative\Example5_LoginPage\android\app\build\20240827_2380749974552357906.compiler.options

Host: Intel(R) Core(TM) i5-10400 CPU @ 2.90GHz, 12 cores, 15G,  Windows 11 , 64 bit Build 22621 (10.0.22621.3958)
Time: Tue Aug 27 09:40:11 2024 Iran Standard Time elapsed time: 0.008750 seconds (0d 0h 0m 0s)

---------------  T H R E A D  ---------------

Current thread (0x0000021ae83fae40):  JavaThread "Unknown thread" [_thread_in_vm, id=18104, stack(0x00000081ac600000,0x00000081ac700000)]

Stack: [0x00000081ac600000,0x00000081ac700000]
Native frames: (J=compiled Java code, j=interpreted, Vv=VM code, C=native code)
V  [jvm.dll+0x670baa]
V  [jvm.dll+0x7cfcb4]
V  [jvm.dll+0x7d145e]
V  [jvm.dll+0x7d1ac3]
V  [jvm.dll+0x242bc5]
V  [jvm.dll+0x66dac9]
V  [jvm.dll+0x662412]
V  [jvm.dll+0x300c0b]
V  [jvm.dll+0x3081a6]
V  [jvm.dll+0x357d0e]
V  [jvm.dll+0x357f3f]
V  [jvm.dll+0x2d7ec8]
V  [jvm.dll+0x2d8e34]
V  [jvm.dll+0x7a18c1]
V  [jvm.dll+0x365a91]
V  [jvm.dll+0x780d2c]
V  [jvm.dll+0x3e845f]
V  [jvm.dll+0x3e9f01]
C  [jli.dll+0x527b]
C  [ucrtbase.dll+0x29333]
C  [KERNEL32.DLL+0x1257d]
C  [ntdll.dll+0x5af28]


---------------  P R O C E S S  ---------------

Threads class SMR info:
_java_thread_list=0x00007ffa6a2d9858, length=0, elements={
}

Java Threads: ( => current thread )

Other Threads:
  0x0000021ae844aed0 GCTaskThread "GC Thread#0" [stack: 0x00000081ac700000,0x00000081ac800000] [id=3920]
  0x0000021ae845bb60 ConcurrentGCThread "G1 Main Marker" [stack: 0x00000081ac800000,0x00000081ac900000] [id=4092]
  0x0000021ae845e4a0 ConcurrentGCThread "G1 Conc#0" [stack: 0x00000081ac900000,0x00000081aca00000] [id=15664]

[error occurred during error reporting (printing all threads), id 0xc0000005, EXCEPTION_ACCESS_VIOLATION (0xc0000005) at pc=0x00007ffa69b288a7]

VM state: not at safepoint (not fully initialized)

VM Mutex/Monitor currently owned by a thread:  ([mutex/lock_event])
[0x0000021ae83f5da0] Heap_lock - owner thread: 0x0000021ae83fae40

Heap address: 0x0000000701c00000, size: 4068 MB, Compressed Oops mode: Zero based, Oop shift amount: 3

CDS archive(s) mapped at: [0x0000000000000000-0x0000000000000000-0x0000000000000000), size 0, SharedBaseAddress: 0x0000000800000000, ArchiveRelocationMode: 0.
Narrow klass base: 0x0000000000000000, Narrow klass shift: 0, Narrow klass range: 0x0

GC Precious Log:
<Empty>

Heap:
 garbage-first heap   total 0K, used 0K [0x0000000701c00000, 0x0000000800000000)
  region size 2048K, 0 young (0K), 0 survivors (0K)

[error occurred during error reporting (printing heap information), id 0xc0000005, EXCEPTION_ACCESS_VIOLATION (0xc0000005) at pc=0x00007ffa69f09f19]

GC Heap History (0 events):
No events

Deoptimization events (0 events):
No events

Classes unloaded (0 events):
No events

Classes redefined (0 events):
No events

Internal exceptions (0 events):
No events

VM Operations (0 events):
No events

Events (1 events):
Event: 0.006 Loaded shared library C:\Program Files\Java\jdk-17.0.2\bin\java.dll


Dynamic libraries:
0x00007ff646650000 - 0x00007ff646660000 	C:\Program Files\Java\jdk-17.0.2\bin\java.exe
0x00007ffaf3430000 - 0x00007ffaf3647000 	C:\Windows\SYSTEM32\ntdll.dll
0x00007ffaf2530000 - 0x00007ffaf25f4000 	C:\Windows\System32\KERNEL32.DLL
0x00007ffaf0780000 - 0x00007ffaf0b2d000 	C:\Windows\System32\KERNELBASE.dll
0x00007ffaf1040000 - 0x00007ffaf1151000 	C:\Windows\System32\ucrtbase.dll
0x00007ffad34a0000 - 0x00007ffad34b8000 	C:\Program Files\Java\jdk-17.0.2\bin\jli.dll
0x00007ffad3480000 - 0x00007ffad349a000 	C:\Program Files\Java\jdk-17.0.2\bin\VCRUNTIME140.dll
0x00007ffaf1160000 - 0x00007ffaf1212000 	C:\Windows\System32\ADVAPI32.dll
0x00007ffaf2b00000 - 0x00007ffaf2ba7000 	C:\Windows\System32\msvcrt.dll
0x00007ffaf3340000 - 0x00007ffaf33e9000 	C:\Windows\System32\sechost.dll
0x00007ffaf0fa0000 - 0x00007ffaf0fc8000 	C:\Windows\System32\bcrypt.dll
0x00007ffaf28f0000 - 0x00007ffaf2a04000 	C:\Windows\System32\RPCRT4.dll
0x00007ffaf2680000 - 0x00007ffaf282e000 	C:\Windows\System32\USER32.dll
0x00007ffae3570000 - 0x00007ffae3803000 	C:\Windows\WinSxS\amd64_microsoft.windows.common-controls_6595b64144ccf1df_6.0.22621.3672_none_2713b9d173822955\COMCTL32.dll
0x00007ffaf0750000 - 0x00007ffaf0776000 	C:\Windows\System32\win32u.dll
0x00007ffaf2ad0000 - 0x00007ffaf2af9000 	C:\Windows\System32\GDI32.dll
0x00007ffaf0d40000 - 0x00007ffaf0e59000 	C:\Windows\System32\gdi32full.dll
0x00007ffaf0b30000 - 0x00007ffaf0bca000 	C:\Windows\System32\msvcp_win.dll
0x00007ffae9c90000 - 0x00007ffae9c9a000 	C:\Windows\SYSTEM32\VERSION.dll
0x00007ffaf2a10000 - 0x00007ffaf2a41000 	C:\Windows\System32\IMM32.DLL
0x00007ffad3470000 - 0x00007ffad347c000 	C:\Program Files\Java\jdk-17.0.2\bin\vcruntime140_1.dll
0x00007ffad33e0000 - 0x00007ffad346d000 	C:\Program Files\Java\jdk-17.0.2\bin\msvcp140.dll
0x00007ffa69840000 - 0x00007ffa6a401000 	C:\Program Files\Java\jdk-17.0.2\bin\server\jvm.dll
0x00007ffaf28e0000 - 0x00007ffaf28e8000 	C:\Windows\System32\PSAPI.DLL
0x00007ffad33d0000 - 0x00007ffad33d9000 	C:\Windows\SYSTEM32\WSOCK32.dll
0x00007ffaebd60000 - 0x00007ffaebd94000 	C:\Windows\SYSTEM32\WINMM.dll
0x00007ffaf2420000 - 0x00007ffaf2491000 	C:\Windows\System32\WS2_32.dll
0x00007ffaef740000 - 0x00007ffaef758000 	C:\Windows\SYSTEM32\kernel.appcore.dll
0x00007ffad0a80000 - 0x00007ffad0a8a000 	C:\Program Files\Java\jdk-17.0.2\bin\jimage.dll
0x00007ffadb170000 - 0x00007ffadb3a2000 	C:\Windows\SYSTEM32\DBGHELP.DLL
0x00007ffaf1350000 - 0x00007ffaf16dd000 	C:\Windows\System32\combase.dll
0x00007ffaf3260000 - 0x00007ffaf3337000 	C:\Windows\System32\OLEAUT32.dll
0x00007ffacfcd0000 - 0x00007ffacfd02000 	C:\Windows\SYSTEM32\dbgcore.DLL
0x00007ffaf0e60000 - 0x00007ffaf0edb000 	C:\Windows\System32\bcryptPrimitives.dll
0x00007ffacc470000 - 0x00007ffacc495000 	C:\Program Files\Java\jdk-17.0.2\bin\java.dll

dbghelp: loaded successfully - version: 4.0.5 - missing functions: none
symbol engine: initialized successfully - sym options: 0x614 - pdb path: .;C:\Program Files\Java\jdk-17.0.2\bin;C:\Windows\SYSTEM32;C:\Windows\WinSxS\amd64_microsoft.windows.common-controls_6595b64144ccf1df_6.0.22621.3672_none_2713b9d173822955;C:\Program Files\Java\jdk-17.0.2\bin\server

VM Arguments:
java_command: org.jetbrains.kotlin.cli.jvm.K2JVMCompiler @E:\Education\MyNotes\Faradars\ReactNative\ReactNative\Example5_LoginPage\android\app\build\20240827_2380749974552357906.compiler.options
java_class_path (initial): C:\Users\miaza\.gradle\caches\modules-2\files-2.1\org.jetbrains.kotlin\kotlin-compiler-embeddable\1.9.24\78dab849090e6c5e2eadb6e59a11cdc28fb67a08\kotlin-compiler-embeddable-1.9.24.jar;C:\Users\miaza\.gradle\caches\modules-2\files-2.1\org.jetbrains.kotlin\kotlin-stdlib\1.9.24\9928532f12c66ad816a625b3f9984f8368ca6d2b\kotlin-stdlib-1.9.24.jar;C:\Users\miaza\.gradle\caches\modules-2\files-2.1\org.jetbrains.kotlin\kotlin-script-runtime\1.9.24\96771497da90fbc5af1c90fce148db2595a62502\kotlin-script-runtime-1.9.24.jar;C:\Users\miaza\.gradle\caches\modules-2\files-2.1\org.jetbrains.kotlin\kotlin-reflect\1.6.10\1cbe9c92c12a94eea200d23c2bbaedaf3daf5132\kotlin-reflect-1.6.10.jar;C:\Users\miaza\.gradle\caches\modules-2\files-2.1\org.jetbrains.kotlin\kotlin-daemon-embeddable\1.9.24\86685b9c5e8d170925bd9ddbdc263374a6a73281\kotlin-daemon-embeddable-1.9.24.jar;C:\Users\miaza\.gradle\caches\modules-2\files-2.1\org.jetbrains.intellij.deps\trove4j\1.0.20200330\3afb14d5f9ceb459d724e907a21145e8ff394f02\trove4j-1.0.20200330.jar;C:\Users\miaza\.gradle\caches\modules-2\files-2.1\org.jetbrains\annotations\13.0\919f0dfe192fb4e063e7dacadee7f8bb9a2672a9\annotations-13.0.jar
Launcher Type: SUN_STANDARD

[Global flags]
     intx CICompilerCount                          = 4                                         {product} {ergonomic}
     uint ConcGCThreads                            = 3                                         {product} {ergonomic}
     uint G1ConcRefinementThreads                  = 10                                        {product} {ergonomic}
   size_t G1HeapRegionSize                         = 2097152                                   {product} {ergonomic}
    uintx GCDrainStackTargetSize                   = 64                                        {product} {ergonomic}
   size_t InitialHeapSize                          = 268435456                                 {product} {ergonomic}
   size_t MarkStackSize                            = 4194304                                   {product} {ergonomic}
   size_t MaxHeapSize                              = 4265607168                                {product} {ergonomic}
   size_t MinHeapDeltaBytes                        = 2097152                                   {product} {ergonomic}
   size_t MinHeapSize                              = 8388608                                   {product} {ergonomic}
    uintx NonNMethodCodeHeapSize                   = 5839372                                {pd product} {ergonomic}
    uintx NonProfiledCodeHeapSize                  = 122909434                              {pd product} {ergonomic}
    uintx ProfiledCodeHeapSize                     = 122909434                              {pd product} {ergonomic}
    uintx ReservedCodeCacheSize                    = 251658240                              {pd product} {ergonomic}
     bool SegmentedCodeCache                       = true                                      {product} {ergonomic}
   size_t SoftMaxHeapSize                          = 4265607168                             {manageable} {ergonomic}
     bool UseCompressedClassPointers               = true                           {product lp64_product} {ergonomic}
     bool UseCompressedOops                        = true                           {product lp64_product} {ergonomic}
     bool UseG1GC                                  = true                                      {product} {ergonomic}
     bool UseLargePagesIndividualAllocation        = false                                  {pd product} {ergonomic}

Logging:
Log output configuration:
 #0: stdout all=warning uptime,level,tags
 #1: stderr all=off uptime,level,tags

Environment Variables:
JAVA_HOME=C:\Program Files\Java\jdk-17.0.2
CLASSPATH=E:\Education\MyNotes\Faradars\ReactNative\ReactNative\Example5_LoginPage\android\\gradle\wrapper\gradle-wrapper.jar
PATH=E:\Education\MyNotes\Faradars\ReactNative\ReactNative\Example5_LoginPage\node_modules\.bin;E:\Education\MyNotes\Faradars\ReactNative\ReactNative\Example5_LoginPage\node_modules\.bin;E:\Education\MyNotes\Faradars\ReactNative\ReactNative\node_modules\.bin;E:\Education\MyNotes\Faradars\ReactNative\node_modules\.bin;E:\Education\MyNotes\Faradars\node_modules\.bin;E:\Education\MyNotes\node_modules\.bin;E:\Education\node_modules\.bin;E:\node_modules\.bin;C:\Users\miaza\AppData\Roaming\npm\node_modules\npm\node_modules\@npmcli\run-script\lib\node-gyp-bin;C:\Program Files\Common Files\Oracle\Java\javapath;D:\Vmware\bin\;C:\Program Files (x86)\Common Files\Intel\Shared Libraries\redist\intel64\compiler;C:\ProgramData\Oracle\Java\javapath;C:\Windows\system32;C:\Windows;C:\Windows\System32\Wbem;C:\Windows\System32\WindowsPowerShell\v1.0\;C:\Windows\System32\OpenSSH\;C:\Program Files\Microsoft SQL Server\150\Tools\Binn\;C:\Program Files\Microsoft SQL Server\Client SDK\ODBC\170\Tools\Binn\;C:\Program Files\dotnet\;C:\Program Files (x86)\NVIDIA Corporation\PhysX\Common;C:\Program Files\NVIDIA Corporation\NVIDIA NvDLISR;C:\Program Files\Git\cmd;C:\Program Files\nodejs\;E:\DevelopingProjectFile\ProgramingProjectFiles\Android\Sdk\platform-tools;E:\DevelopingProjectFile\ProgramingProjectFiles\Android\Sdk\tools;C:\Users\miaza\AppData\Local\Programs\Python\Python311\Scripts\;C:\Users\miaza\AppData\Local\Programs\Python\Python311\;C:\Users\miaza\AppData\Local\Microsoft\WindowsApps;C:\Users\miaza\AppData\Local\Programs\Microsoft VS Code\bin;C:\Users\miaza\.dotnet\tools;C:\Users\miaza\AppData\Roaming\npm;D:\platform-tools;;C:\Users\miaza\AppData\Local\Programs\oh-my-posh\bin
USERNAME=miaza
LANG=en_US.UTF-8
OS=Windows_NT
PROCESSOR_IDENTIFIER=Intel64 Family 6 Model 165 Stepping 3, GenuineIntel



---------------  S Y S T E M  ---------------

OS:
 Windows 11 , 64 bit Build 22621 (10.0.22621.3958)
OS uptime: 0 days 3:53 hours
Hyper-V role detected

CPU: total 12 (initial active 12) (6 cores per cpu, 2 threads per core) family 6 model 165 stepping 3 microcode 0xe0, cx8, cmov, fxsr, ht, mmx, 3dnowpref, sse, sse2, sse3, ssse3, sse4.1, sse4.2, popcnt, lzcnt, tsc, tscinvbit, avx, avx2, aes, erms, clmul, bmi1, bmi2, adx, fma, vzeroupper, clflush, clflushopt, hv

Memory: 4k page, system-wide physical 16270M (4264M free)
TotalPageFile size 19270M (AvailPageFile size 96M)
current process WorkingSet (physical memory assigned to process): 11M, peak: 11M
current process commit charge ("private bytes"): 64M, peak: 320M

vm_info: Java HotSpot(TM) 64-Bit Server VM (17.0.2+8-LTS-86) for windows-amd64 JRE (17.0.2+8-LTS-86), built on Dec  7 2021 21:51:03 by "mach5one" with MS VC++ 16.8 / 16.9 (VS2019)

END.
